# JRE version: OpenJDK Runtime Environment (8.0_152-b02) (build 1.8.0_152-release-1024-b02)
# Java VM: OpenJDK 64-Bit Server VM (25.152-b02 mixed mode windows-amd64 compressed oops)
Heap:
 PSYoungGen      total 249344K, used 44934K [0x00000000e0000000, 0x00000000f2400000, 0x0000000100000000)
  eden space 229376K, 10% used [0x00000000e0000000,0x00000000e1875708,0x00000000ee000000)
  from space 19968K, 99% used [0x00000000f1080000,0x00000000f23ec390,0x00000000f2400000)
  to   space 27136K, 0% used [0x00000000eef00000,0x00000000eef00000,0x00000000f0980000)
 ParOldGen       total 261120K, used 43457K [0x00000000a0000000, 0x00000000aff00000, 0x00000000e0000000)
  object space 261120K, 16% used [0x00000000a0000000,0x00000000a2a70628,0x00000000aff00000)
 Metaspace       used 64501K, capacity 66752K, committed 67072K, reserved 1107968K
  class space    used 8579K, capacity 9151K, committed 9216K, reserved 1048576K
GC Heap History (10 events):
Event: 3.942 GC heap before
{Heap before GC invocations=9 (full 2):
 PSYoungGen      total 151552K, used 137216K [0x00000000e0000000, 0x00000000ed700000, 0x0000000100000000)
  eden space 137216K, 100% used [0x00000000e0000000,0x00000000e8600000,0x00000000e8600000)
  from space 14336K, 0% used [0x00000000e9380000,0x00000000e9380000,0x00000000ea180000)
  to   space 13824K, 0% used [0x00000000e8600000,0x00000000e8600000,0x00000000e9380000)
 ParOldGen       total 169984K, used 17079K [0x00000000a0000000, 0x00000000aa600000, 0x00000000e0000000)
  object space 169984K, 10% used [0x00000000a0000000,0x00000000a10add50,0x00000000aa600000)
 Metaspace       used 46000K, capacity 47038K, committed 47360K, reserved 1089536K
  class space    used 6245K, capacity 6581K, committed 6656K, reserved 1048576K
Event: 3.948 GC heap after
Heap after GC invocations=9 (full 2):
 PSYoungGen      total 151040K, used 13812K [0x00000000e0000000, 0x00000000ee100000, 0x0000000100000000)
  eden space 137216K, 0% used [0x00000000e0000000,0x00000000e0000000,0x00000000e8600000)
  from space 13824K, 99% used [0x00000000e8600000,0x00000000e937d260,0x00000000e9380000)
  to   space 16384K, 0% used [0x00000000ed100000,0x00000000ed100000,0x00000000ee100000)
 ParOldGen       total 169984K, used 19281K [0x00000000a0000000, 0x00000000aa600000, 0x00000000e0000000)
  object space 169984K, 11% used [0x00000000a0000000,0x00000000a12d47d0,0x00000000aa600000)
 Metaspace       used 46000K, capacity 47038K, committed 47360K, reserved 1089536K
  class space    used 6245K, capacity 6581K, committed 6656K, reserved 1048576K
}
Event: 4.980 GC heap before
{Heap before GC invocations=10 (full 2):
 PSYoungGen      total 151040K, used 151028K [0x00000000e0000000, 0x00000000ee100000, 0x0000000100000000)
  eden space 137216K, 100% used [0x00000000e0000000,0x00000000e8600000,0x00000000e8600000)
  from space 13824K, 99% used [0x00000000e8600000,0x00000000e937d260,0x00000000e9380000)
  to   space 16384K, 0% used [0x00000000ed100000,0x00000000ed100000,0x00000000ee100000)
 ParOldGen       total 169984K, used 19281K [0x00000000a0000000, 0x00000000aa600000, 0x00000000e0000000)
  object space 169984K, 11% used [0x00000000a0000000,0x00000000a12d47d0,0x00000000aa600000)
 Metaspace       used 56335K, capacity 58030K, committed 58112K, reserved 1099776K
  class space    used 7703K, capacity 8144K, committed 8192K, reserved 1048576K
Event: 4.992 GC heap after
Heap after GC invocations=10 (full 2):
 PSYoungGen      total 209408K, used 16366K [0x00000000e0000000, 0x00000000ee900000, 0x0000000100000000)
  eden space 193024K, 0% used [0x00000000e0000000,0x00000000e0000000,0x00000000ebc80000)
  from space 16384K, 99% used [0x00000000ed100000,0x00000000ee0fbbe8,0x00000000ee100000)
  to   space 20992K, 0% used [0x00000000ebc80000,0x00000000ebc80000,0x00000000ed100000)
 ParOldGen       total 169984K, used 25398K [0x00000000a0000000, 0x00000000aa600000, 0x00000000e0000000)
  object space 169984K, 14% used [0x00000000a0000000,0x00000000a18cd8f0,0x00000000aa600000)
 Metaspace       used 56335K, capacity 58030K, committed 58112K, reserved 1099776K
  class space    used 7703K, capacity 8144K, committed 8192K, reserved 1048576K
}
Event: 5.280 GC heap before
{Heap before GC invocations=11 (full 2):
 PSYoungGen      total 209408K, used 107966K [0x00000000e0000000, 0x00000000ee900000, 0x0000000100000000)
  eden space 193024K, 47% used [0x00000000e0000000,0x00000000e5973dd8,0x00000000ebc80000)
  from space 16384K, 99% used [0x00000000ed100000,0x00000000ee0fbbe8,0x00000000ee100000)
  to   space 20992K, 0% used [0x00000000ebc80000,0x00000000ebc80000,0x00000000ed100000)
 ParOldGen       total 169984K, used 25398K [0x00000000a0000000, 0x00000000aa600000, 0x00000000e0000000)
  object space 169984K, 14% used [0x00000000a0000000,0x00000000a18cd8f0,0x00000000aa600000)
 Metaspace       used 57234K, capacity 58970K, committed 59008K, reserved 1099776K
  class space    used 7834K, capacity 8304K, committed 8320K, reserved 1048576K
Event: 5.289 GC heap after
Heap after GC invocations=11 (full 2):
 PSYoungGen      total 214016K, used 20974K [0x00000000e0000000, 0x00000000f2a00000, 0x0000000100000000)
  eden space 193024K, 0% used [0x00000000e0000000,0x00000000e0000000,0x00000000ebc80000)
  from space 20992K, 99% used [0x00000000ebc80000,0x00000000ed0fbbe8,0x00000000ed100000)
  to   space 26112K, 0% used [0x00000000f1080000,0x00000000f1080000,0x00000000f2a00000)
 ParOldGen       total 169984K, used 31475K [0x00000000a0000000, 0x00000000aa600000, 0x00000000e0000000)
  object space 169984K, 18% used [0x00000000a0000000,0x00000000a1ebce20,0x00000000aa600000)
 Metaspace       used 57234K, capacity 58970K, committed 59008K, reserved 1099776K
  class space    used 7834K, capacity 8304K, committed 8320K, reserved 1048576K
}
Event: 5.289 GC heap before
{Heap before GC invocations=12 (full 3):
 PSYoungGen      total 214016K, used 20974K [0x00000000e0000000, 0x00000000f2a00000, 0x0000000100000000)
  eden space 193024K, 0% used [0x00000000e0000000,0x00000000e0000000,0x00000000ebc80000)
  from space 20992K, 99% used [0x00000000ebc80000,0x00000000ed0fbbe8,0x00000000ed100000)
  to   space 26112K, 0% used [0x00000000f1080000,0x00000000f1080000,0x00000000f2a00000)
 ParOldGen       total 169984K, used 31475K [0x00000000a0000000, 0x00000000aa600000, 0x00000000e0000000)
  object space 169984K, 18% used [0x00000000a0000000,0x00000000a1ebce20,0x00000000aa600000)
 Metaspace       used 57234K, capacity 58970K, committed 59008K, reserved 1099776K
  class space    used 7834K, capacity 8304K, committed 8320K, reserved 1048576K
Event: 5.453 GC heap after
Heap after GC invocations=12 (full 3):
 PSYoungGen      total 214016K, used 0K [0x00000000e0000000, 0x00000000f2a00000, 0x0000000100000000)
  eden space 193024K, 0% used [0x00000000e0000000,0x00000000e0000000,0x00000000ebc80000)
  from space 20992K, 0% used [0x00000000ebc80000,0x00000000ebc80000,0x00000000ed100000)
  to   space 26112K, 0% used [0x00000000f1080000,0x00000000f1080000,0x00000000f2a00000)
 ParOldGen       total 261120K, used 43449K [0x00000000a0000000, 0x00000000aff00000, 0x00000000e0000000)
  object space 261120K, 16% used [0x00000000a0000000,0x00000000a2a6e628,0x00000000aff00000)
 Metaspace       used 57234K, capacity 58970K, committed 59008K, reserved 1099776K
  class space    used 7834K, capacity 8304K, committed 8320K, reserved 1048576K
}
Event: 7.468 GC heap before
{Heap before GC invocations=13 (full 3):
 PSYoungGen      total 214016K, used 193024K [0x00000000e0000000, 0x00000000f2a00000, 0x0000000100000000)
  eden space 193024K, 100% used [0x00000000e0000000,0x00000000ebc80000,0x00000000ebc80000)
  from space 20992K, 0% used [0x00000000ebc80000,0x00000000ebc80000,0x00000000ed100000)
  to   space 26112K, 0% used [0x00000000f1080000,0x00000000f1080000,0x00000000f2a00000)
 ParOldGen       total 261120K, used 43449K [0x00000000a0000000, 0x00000000aff00000, 0x00000000e0000000)
  object space 261120K, 16% used [0x00000000a0000000,0x00000000a2a6e628,0x00000000aff00000)
 Metaspace       used 64329K, capacity 66582K, committed 66816K, reserved 1107968K
  class space    used 8563K, capacity 9116K, committed 9216K, reserved 1048576K
Event: 7.489 GC heap after
Heap after GC invocations=13 (full 3):
 PSYoungGen      total 249344K, used 19888K [0x00000000e0000000, 0x00000000f2400000, 0x0000000100000000)
  eden space 229376K, 0% used [0x00000000e0000000,0x00000000e0000000,0x00000000ee000000)
  from space 19968K, 99% used [0x00000000f1080000,0x00000000f23ec390,0x00000000f2400000)
  to   space 27136K, 0% used [0x00000000eef00000,0x00000000eef00000,0x00000000f0980000)
 ParOldGen       total 261120K, used 43457K [0x00000000a0000000, 0x00000000aff00000, 0x00000000e0000000)
  object space 261120K, 16% used [0x00000000a0000000,0x00000000a2a70628,0x00000000aff00000)
 Metaspace       used 64329K, capacity 66582K, committed 66816K, reserved 1107968K
  class space    used 8563K, capacity 9116K, committed 9216K, reserved 1048576K
}

